d:\university_repository\year 1\term 2\object oriented development\tetris\tetris\debug\vc141.pdb
d:\university_repository\year 1\term 2\object oriented development\tetris\tetris\debug\vc141.idb
d:\university_repository\year 1\term 2\object oriented development\tetris\tetris\debug\z.obj
d:\university_repository\year 1\term 2\object oriented development\tetris\tetris\debug\tile.obj
d:\university_repository\year 1\term 2\object oriented development\tetris\tetris\debug\t.obj
d:\university_repository\year 1\term 2\object oriented development\tetris\tetris\debug\square.obj
d:\university_repository\year 1\term 2\object oriented development\tetris\tetris\debug\shape.obj
d:\university_repository\year 1\term 2\object oriented development\tetris\tetris\debug\score_manager.obj
d:\university_repository\year 1\term 2\object oriented development\tetris\tetris\debug\s.obj
d:\university_repository\year 1\term 2\object oriented development\tetris\tetris\debug\main.obj
d:\university_repository\year 1\term 2\object oriented development\tetris\tetris\debug\l.obj
d:\university_repository\year 1\term 2\object oriented development\tetris\tetris\debug\j.obj
d:\university_repository\year 1\term 2\object oriented development\tetris\tetris\debug\game.obj
d:\university_repository\year 1\term 2\object oriented development\tetris\tetris\debug\coordinate.obj
d:\university_repository\year 1\term 2\object oriented development\tetris\tetris\debug\console_manager.obj
d:\university_repository\year 1\term 2\object oriented development\tetris\tetris\debug\block.obj
d:\university_repository\year 1\term 2\object oriented development\tetris\tetris\debug\bar.obj
d:\university_repository\year 1\term 2\object oriented development\tetris\tetris\debug\tetris.ilk
d:\university_repository\year 1\term 2\object oriented development\tetris\tetris\debug\tetris.exe
d:\university_repository\year 1\term 2\object oriented development\tetris\tetris\debug\tetris.pdb
d:\university_repository\year 1\term 2\object oriented development\tetris\tetris\debug\tetris.res
d:\university_repository\year 1\term 2\object oriented development\tetris\tetris\debug\tetris.tlog\cl.command.1.tlog
d:\university_repository\year 1\term 2\object oriented development\tetris\tetris\debug\tetris.tlog\cl.read.1.tlog
d:\university_repository\year 1\term 2\object oriented development\tetris\tetris\debug\tetris.tlog\cl.write.1.tlog
d:\university_repository\year 1\term 2\object oriented development\tetris\tetris\debug\tetris.tlog\link.command.1.tlog
d:\university_repository\year 1\term 2\object oriented development\tetris\tetris\debug\tetris.tlog\link.read.1.tlog
d:\university_repository\year 1\term 2\object oriented development\tetris\tetris\debug\tetris.tlog\link.write.1.tlog
d:\university_repository\year 1\term 2\object oriented development\tetris\tetris\debug\tetris.tlog\rc.command.1.tlog
d:\university_repository\year 1\term 2\object oriented development\tetris\tetris\debug\tetris.tlog\rc.read.1.tlog
d:\university_repository\year 1\term 2\object oriented development\tetris\tetris\debug\tetris.tlog\rc.write.1.tlog
